<?xml version="1.0" encoding="UTF-8"?>
<!-- Generated by org.testng.reporters.JUnitXMLReporter -->
<testsuite ignored="0" hostname="MCKL-7604-T" failures="0" tests="24" name="J4U Town" time="582.573" errors="0" timestamp="2023-11-21T15:56:53 IST">
  <testcase classname="testNGAutomation.TC_J4U_TOWN_OFFER_ONLY_FIVE_OFFER" name="One" time="24.879"/>
  <testcase classname="testNGAutomation.TC_J4U_TOWN_OFFER_ONLY_FIVE_OFFER" name="Two" time="28.106"/>
  <testcase classname="testNGAutomation.TC_J4U_TOWN_OFFER_ONLY_FIVE_OFFER" name="Three" time="28.221"/>
  <testcase classname="testNGAutomation.TC_J4U_TOWN_OFFER_ONLY_FIVE_OFFER" name="Fourteen" time="23.446"/>
  <testcase classname="testNGAutomation.TC_J4U_TOWN_OFFER_ONLY_FIVE_OFFER" name="Fifteen" time="28.413"/>
  <testcase classname="testNGAutomation.TC_J4U_TOWN_OFFER_ONLY_FIVE_OFFER" name="Sixteen" time="28.62"/>
  <testcase classname="testNGAutomation.TC_J4U_TOWN_OFFER_ONLY_FIVE_OFFER" name="OneOne" time="23.411"/>
  <testcase classname="testNGAutomation.TC_J4U_TOWN_OFFER_ONLY_FIVE_OFFER" name="TwoTwo" time="28.187"/>
  <testcase classname="testNGAutomation.TC_J4U_TOWN_OFFER_ONLY_FIVE_OFFER" name="ThreeThree" time="28.16"/>
  <testcase classname="testNGAutomation.TC_J4U_TOWN_OFFER_ONLY_FIVE_OFFER" name="FiveFourOne" time="23.542"/>
  <testcase classname="testNGAutomation.TC_J4U_TOWN_OFFER_ONLY_FIVE_OFFER" name="FiveFour" time="28.156"/>
  <testcase classname="testNGAutomation.TC_J4U_TOWN_OFFER_ONLY_FIVE_OFFER" name="FiveFourTwo" time="28.434"/>
  <testcase classname="testNGAutomation.TC_J4U_TOWN_OFFER_ONLY_FIVE_OFFER" name="FiveFive" time="23.565"/>
  <testcase classname="testNGAutomation.TC_J4U_TOWN_OFFER_ONLY_FIVE_OFFER" name="FiveFiveTwo" time="28.371"/>
  <testcase classname="testNGAutomation.TC_J4U_TOWN_OFFER_ONLY_FIVE_OFFER" name="FiveFiveTwoTwo" time="28.234"/>
  <testcase classname="testNGAutomation.TC_J4U_TOWN_OFFER_ONLY_FIVE_OFFER" name="Four" time="19.173"/>
  <testcase classname="testNGAutomation.TC_J4U_TOWN_OFFER_ONLY_FIVE_OFFER" name="Eight" time="18.94"/>
  <testcase classname="testNGAutomation.TC_J4U_TOWN_OFFER_ONLY_FIVE_OFFER" name="Nine" time="18.941"/>
  <testcase classname="testNGAutomation.TC_J4U_TOWN_OFFER_ONLY_FIVE_OFFER" name="Ten" time="19.043"/>
  <testcase classname="testNGAutomation.TC_J4U_TOWN_OFFER_ONLY_FIVE_OFFER" name="Eleven" time="19.249"/>
  <testcase classname="testNGAutomation.TC_J4U_TOWN_OFFER_ONLY_FIVE_OFFER" name="Twelve" time="18.939"/>
  <testcase classname="testNGAutomation.TC_J4U_TOWN_OFFER_ONLY_FIVE_OFFER" name="Thirteen" time="18.808"/>
  <testcase classname="testNGAutomation.TC_J4U_TOWN_OFFER_ONLY_FIVE_OFFER" name="PaymentInvalid" time="23.89"/>
  <testcase classname="testNGAutomation.TC_J4U_TOWN_OFFER_ONLY_FIVE_OFFER" name="PaymentInvalidOne" time="23.653"/>
</testsuite> <!-- J4U Town -->
