<?xml version="1.0" encoding="UTF-8"?>
<!-- Generated by org.testng.reporters.JUnitXMLReporter -->
<testsuite ignored="0" hostname="MCKL-7604-T" failures="5" tests="5" name="J4U Town All 5 offers with activation" time="25.176" errors="0" timestamp="2023-11-17T08:40:03 IST">
  <testcase classname="testNGAutomation.TC_J4U_TOWN_ALL_5_AIRTIME_ACTIVATION" name="Five" time="5.033">
    <failure type="java.lang.NullPointerException" message="Cannot invoke &amp;quot;java.util.Properties.getProperty(String)&amp;quot; because &amp;quot;testNGAutomation.TC_J4U_TOWN_ALL_5_AIRTIME_ACTIVATION.prop&amp;quot; is null">
      <![CDATA[java.lang.NullPointerException: Cannot invoke "java.util.Properties.getProperty(String)" because "testNGAutomation.TC_J4U_TOWN_ALL_5_AIRTIME_ACTIVATION.prop" is null
at testNGAutomation.TC_J4U_TOWN_ALL_5_AIRTIME_ACTIVATION.Requests(TC_J4U_TOWN_ALL_5_AIRTIME_ACTIVATION.java:124)
at testNGAutomation.TC_J4U_TOWN_ALL_5_AIRTIME_ACTIVATION.Five(TC_J4U_TOWN_ALL_5_AIRTIME_ACTIVATION.java:89)
at java.base/java.util.ArrayList.forEach(ArrayList.java:1511)
... Removed 27 stack frames]]>
    </failure>
  </testcase> <!-- Five -->
  <testcase classname="testNGAutomation.TC_J4U_TOWN_ALL_5_AIRTIME_ACTIVATION" name="Four" time="5.005">
    <failure type="java.lang.NullPointerException" message="Cannot invoke &amp;quot;java.util.Properties.getProperty(String)&amp;quot; because &amp;quot;testNGAutomation.TC_J4U_TOWN_ALL_5_AIRTIME_ACTIVATION.prop&amp;quot; is null">
      <![CDATA[java.lang.NullPointerException: Cannot invoke "java.util.Properties.getProperty(String)" because "testNGAutomation.TC_J4U_TOWN_ALL_5_AIRTIME_ACTIVATION.prop" is null
at testNGAutomation.TC_J4U_TOWN_ALL_5_AIRTIME_ACTIVATION.Requests(TC_J4U_TOWN_ALL_5_AIRTIME_ACTIVATION.java:124)
at testNGAutomation.TC_J4U_TOWN_ALL_5_AIRTIME_ACTIVATION.Four(TC_J4U_TOWN_ALL_5_AIRTIME_ACTIVATION.java:75)
at java.base/java.util.ArrayList.forEach(ArrayList.java:1511)
... Removed 27 stack frames]]>
    </failure>
  </testcase> <!-- Four -->
  <testcase classname="testNGAutomation.TC_J4U_TOWN_ALL_5_AIRTIME_ACTIVATION" name="One" time="5.012">
    <failure type="java.lang.NullPointerException" message="Cannot invoke &amp;quot;java.util.Properties.getProperty(String)&amp;quot; because &amp;quot;testNGAutomation.TC_J4U_TOWN_ALL_5_AIRTIME_ACTIVATION.prop&amp;quot; is null">
      <![CDATA[java.lang.NullPointerException: Cannot invoke "java.util.Properties.getProperty(String)" because "testNGAutomation.TC_J4U_TOWN_ALL_5_AIRTIME_ACTIVATION.prop" is null
at testNGAutomation.TC_J4U_TOWN_ALL_5_AIRTIME_ACTIVATION.Requests(TC_J4U_TOWN_ALL_5_AIRTIME_ACTIVATION.java:124)
at testNGAutomation.TC_J4U_TOWN_ALL_5_AIRTIME_ACTIVATION.One(TC_J4U_TOWN_ALL_5_AIRTIME_ACTIVATION.java:33)
at java.base/java.util.ArrayList.forEach(ArrayList.java:1511)
... Removed 27 stack frames]]>
    </failure>
  </testcase> <!-- One -->
  <testcase classname="testNGAutomation.TC_J4U_TOWN_ALL_5_AIRTIME_ACTIVATION" name="Three" time="5.013">
    <failure type="java.lang.NullPointerException" message="Cannot invoke &amp;quot;java.util.Properties.getProperty(String)&amp;quot; because &amp;quot;testNGAutomation.TC_J4U_TOWN_ALL_5_AIRTIME_ACTIVATION.prop&amp;quot; is null">
      <![CDATA[java.lang.NullPointerException: Cannot invoke "java.util.Properties.getProperty(String)" because "testNGAutomation.TC_J4U_TOWN_ALL_5_AIRTIME_ACTIVATION.prop" is null
at testNGAutomation.TC_J4U_TOWN_ALL_5_AIRTIME_ACTIVATION.Requests(TC_J4U_TOWN_ALL_5_AIRTIME_ACTIVATION.java:124)
at testNGAutomation.TC_J4U_TOWN_ALL_5_AIRTIME_ACTIVATION.Three(TC_J4U_TOWN_ALL_5_AIRTIME_ACTIVATION.java:61)
at java.base/java.util.ArrayList.forEach(ArrayList.java:1511)
... Removed 27 stack frames]]>
    </failure>
  </testcase> <!-- Three -->
  <testcase classname="testNGAutomation.TC_J4U_TOWN_ALL_5_AIRTIME_ACTIVATION" name="Two" time="5.012">
    <failure type="java.lang.NullPointerException" message="Cannot invoke &amp;quot;java.util.Properties.getProperty(String)&amp;quot; because &amp;quot;testNGAutomation.TC_J4U_TOWN_ALL_5_AIRTIME_ACTIVATION.prop&amp;quot; is null">
      <![CDATA[java.lang.NullPointerException: Cannot invoke "java.util.Properties.getProperty(String)" because "testNGAutomation.TC_J4U_TOWN_ALL_5_AIRTIME_ACTIVATION.prop" is null
at testNGAutomation.TC_J4U_TOWN_ALL_5_AIRTIME_ACTIVATION.Requests(TC_J4U_TOWN_ALL_5_AIRTIME_ACTIVATION.java:124)
at testNGAutomation.TC_J4U_TOWN_ALL_5_AIRTIME_ACTIVATION.Two(TC_J4U_TOWN_ALL_5_AIRTIME_ACTIVATION.java:47)
at java.base/java.util.ArrayList.forEach(ArrayList.java:1511)
... Removed 27 stack frames]]>
    </failure>
  </testcase> <!-- Two -->
</testsuite> <!-- J4U Town All 5 offers with activation -->
