<?xml version="1.0" encoding="UTF-8"?>
<!-- Generated by org.testng.reporters.JUnitXMLReporter -->
<testsuite ignored="0" hostname="MCKL-7604-T" failures="0" tests="5" name="Test" time="121.55" errors="0" timestamp="2023-11-17T18:25:29 IST">
  <testcase classname="testNGAutomation.TC_J4U_TOWN_ALL_5_AIRTIME_ACTIVATION" name="One" time="28.203"/>
  <testcase classname="testNGAutomation.TC_J4U_TOWN_ALL_5_AIRTIME_ACTIVATION" name="Two" time="23.324"/>
  <testcase classname="testNGAutomation.TC_J4U_TOWN_ALL_5_AIRTIME_ACTIVATION" name="Three" time="23.29"/>
  <testcase classname="testNGAutomation.TC_J4U_TOWN_ALL_5_AIRTIME_ACTIVATION" name="Four" time="23.317"/>
  <testcase classname="testNGAutomation.TC_J4U_TOWN_ALL_5_AIRTIME_ACTIVATION" name="Five" time="23.337"/>
</testsuite> <!-- Test -->
