<?xml version="1.0" encoding="UTF-8"?>
<!-- Generated by org.testng.reporters.JUnitXMLReporter -->
<testsuite ignored="0" hostname="MCKL-7604-T" failures="0" tests="5" name="J4U Town All Offers with Airtime activation" time="119.187" errors="0" timestamp="2023-11-17T08:53:18 IST">
  <testcase classname="testNGAutomation.TC_J4U_TOWN_ALL_5_AIRTIME_ACTIVATION" name="Five" time="23.789"/>
  <testcase classname="testNGAutomation.TC_J4U_TOWN_ALL_5_AIRTIME_ACTIVATION" name="Four" time="24.308"/>
  <testcase classname="testNGAutomation.TC_J4U_TOWN_ALL_5_AIRTIME_ACTIVATION" name="One" time="23.644"/>
  <testcase classname="testNGAutomation.TC_J4U_TOWN_ALL_5_AIRTIME_ACTIVATION" name="Three" time="23.456"/>
  <testcase classname="testNGAutomation.TC_J4U_TOWN_ALL_5_AIRTIME_ACTIVATION" name="Two" time="23.902"/>
</testsuite> <!-- J4U Town All Offers with Airtime activation -->
